
FileVersion:        2

ResolutionOfTime:   Volumes

Experiment:         Neurofeedback

BackgroundColor:    0 0 0
TextColor:          255 255 255
TimeCourseColor:    255 255 255
TimeCourseThick:    3
ReferenceFuncColor: 0 0 80
ReferenceFuncThick: 3

NrOfConditions: 4

Rest
29
   1   40
  61   68
  73   84
 105  112
 117  128
 149  156
 161  172
 193  200
 205  216
 237  244
 249  260
 281  300
 321  340
 361  368
 373  384
 405  412
 417  428
 449  468
 489  496
 501  512
 533  540
 545  556
 577  596
 617  624
 629  640
 661  668
 673  684
 705  712
 717  728
Color: 64 64 64

EmoRecall
12
  41   60
  85  104
 129  148
 173  192
 217  236
 341  360
 385  404
 469  488
 513  532
 597  616
 641  660
 685  704
Color: 83 200 83

Feedback
12
  69   72
 113  116
 157  160
 201  204
 245  248
 369  372
 413  416
 497  500
 541  544
 625  628
 669  672
 713  716
Color: 255 0 0

Control
4
 261  280
 301  320
 429  448
 557  576
Color: 143 143 143
