
FileVersion:        2

ResolutionOfTime:   Volumes

Experiment:         Neurofeedback

BackgroundColor:    0 0 0
TextColor:          255 255 255
TimeCourseColor:    255 255 255
TimeCourseThick:    3
ReferenceFuncColor: 0 0 80
ReferenceFuncThick: 3

NrOfConditions: 4

Rest
29
   1   40
  61   68
  73   84
 105  124
 145  152
 157  168
 189  196
 201  212
 233  252
 273  280
 285  296
 317  336
 357  364
 369  380
 401  408
 413  424
 445  452
 457  468
 489  496
 501  512
 533  540
 545  556
 577  584
 589  600
 621  640
 661  668
 673  684
 705  712
 717  728
Color: 64 64 64

EmoRecall
12
  41   60
 125  144
 169  188
 253  272
 337  356
 381  400
 425  444
 469  488
 513  532
 557  576
 641  660
 685  704
Color: 83 200 83

Feedback
12
  69   72
 153  156
 197  200
 281  284
 365  368
 409  412
 453  456
 497  500
 541  544
 585  588
 669  672
 713  716
Color: 255 0 0

Control
4
  85  104
 213  232
 297  316
 601  620
Color: 143 143 143
