
FileVersion:        2

ResolutionOfTime:   Volumes

Experiment:         Neurofeedback

BackgroundColor:    0 0 0
TextColor:          255 255 255
TimeCourseColor:    255 255 255
TimeCourseThick:    3
ReferenceFuncColor: 0 0 80
ReferenceFuncThick: 3

NrOfConditions: 4

Rest
29
   1   40
  61   80
 101  108
 113  124
 145  152
 157  168
 189  208
 229  236
 241  252
 273  280
 285  296
 317  324
 329  340
 361  368
 373  384
 405  412
 417  428
 449  456
 461  472
 493  500
 505  516
 537  556
 577  596
 617  624
 629  640
 661  668
 673  684
 705  712
 717  728
Color: 64 64 64

Control
4
  41   60
 169  188
 517  536
 557  576
Color: 143 143 143

EmoRecall
12
  81  100
 125  144
 209  228
 253  272
 297  316
 341  360
 385  404
 429  448
 473  492
 597  616
 641  660
 685  704
Color: 83 200 83

Feedback
12
 109  112
 153  156
 237  240
 281  284
 325  328
 369  372
 413  416
 457  460
 501  504
 625  628
 669  672
 713  716
Color: 255 0 0
