
FileVersion:        2

ResolutionOfTime:   Volumes

Experiment:         Neurofeedback

BackgroundColor:    0 0 0
TextColor:          255 255 255
TimeCourseColor:    255 255 255
TimeCourseThick:    3
ReferenceFuncColor: 0 0 80
ReferenceFuncThick: 3

NrOfConditions: 3

Rest
33
   1   40
  61   68
  73   84
 105  112
 117  128
 149  156
 161  172
 193  200
 205  216
 237  244
 249  260
 281  288
 293  304
 325  332
 337  348
 369  376
 381  392
 413  420
 425  436
 457  464
 469  480
 501  508
 513  524
 545  552
 557  568
 589  596
 601  612
 633  640
 645  656
 677  684
 689  700
 721  728
 733  744
Color: 64 64 64

EmoRecall
16
  41   60
  85  104
 129  148
 173  192
 217  236
 261  280
 305  324
 349  368
 393  412
 437  456
 481  500
 525  544
 569  588
 613  632
 657  676
 701  720
Color: 83 200 83

Feedback
16
  69   72
 113  116
 157  160
 201  204
 245  248
 289  292
 333  336
 377  380
 421  424
 465  468
 509  512
 553  556
 597  600
 641  644
 685  688
 729  732
Color: 255 0 0
