
FileVersion:        2

ResolutionOfTime:   Volumes

Experiment:         Neurofeedback

BackgroundColor:    0 0 0
TextColor:          255 255 255
TimeCourseColor:    255 255 255
TimeCourseThick:    3
ReferenceFuncColor: 0 0 80
ReferenceFuncThick: 3

NrOfConditions: 4

Rest
29
   1   40
  61   68
  73   84
 105  124
 145  152
 157  168
 189  196
 201  212
 233  240
 245  256
 277  296
 317  324
 329  340
 361  380
 401  408
 413  424
 445  452
 457  468
 489  496
 501  512
 533  540
 545  556
 577  584
 589  600
 621  628
 633  644
 665  684
 705  712
 717  728
Color: 64 64 64

EmoRecall
12
  41   60
 125  144
 169  188
 213  232
 297  316
 381  400
 425  444
 469  488
 513  532
 557  576
 601  620
 685  704
Color: 83 200 83

Feedback
12
  69   72
 153  156
 197  200
 241  244
 325  328
 409  412
 453  456
 497  500
 541  544
 585  588
 629  632
 713  716
Color: 255 0 0

Control
4
  85  104
 257  276
 341  360
 645  664
Color: 143 143 143
