
FileVersion:        2

ResolutionOfTime:   Volumes

Experiment:         Neurofeedback

BackgroundColor:    0 0 0
TextColor:          255 255 255
TimeCourseColor:    255 255 255
TimeCourseThick:    3
ReferenceFuncColor: 0 0 80
ReferenceFuncThick: 3

NrOfConditions: 4

Rest
29
   1   40
  61   68
  73   84
 105  112
 117  128
 149  156
 161  172
 193  200
 205  216
 237  244
 249  260
 281  288
 293  304
 325  332
 337  348
 369  388
 409  416
 421  432
 453  460
 465  476
 497  504
 509  520
 541  560
 581  588
 593  604
 625  644
 665  684
 705  712
 717  728
Color: 64 64 64

EmoRecall
12
  41   60
  85  104
 129  148
 173  192
 217  236
 261  280
 305  324
 389  408
 433  452
 477  496
 561  580
 685  704
Color: 83 200 83

Feedback
12
  69   72
 113  116
 157  160
 201  204
 245  248
 289  292
 333  336
 417  420
 461  464
 505  508
 589  592
 713  716
Color: 255 0 0

Control
4
 349  368
 521  540
 605  624
 645  664
Color: 143 143 143
