
FileVersion:        2

ResolutionOfTime:   Volumes

Experiment:         Neurofeedback

BackgroundColor:    0 0 0
TextColor:          255 255 255
TimeCourseColor:    255 255 255
TimeCourseThick:    3
ReferenceFuncColor: 0 0 80
ReferenceFuncThick: 3

NrOfConditions: 4

Rest
29
   1   40
  61   80
 101  108
 113  124
 145  152
 157  168
 189  196
 201  212
 233  252
 273  280
 285  296
 317  324
 329  340
 361  380
 401  408
 413  424
 445  464
 485  492
 497  508
 529  536
 541  552
 573  580
 585  596
 617  624
 629  640
 661  668
 673  684
 705  712
 717  728
Color: 64 64 64

Control
4
  41   60
 213  232
 341  360
 425  444
Color: 143 143 143

EmoRecall
12
  81  100
 125  144
 169  188
 253  272
 297  316
 381  400
 465  484
 509  528
 553  572
 597  616
 641  660
 685  704
Color: 83 200 83

Feedback
12
 109  112
 153  156
 197  200
 281  284
 325  328
 409  412
 493  496
 537  540
 581  584
 625  628
 669  672
 713  716
Color: 255 0 0
