
FileVersion:        2

ResolutionOfTime:   Volumes

Experiment:         Neurofeedback

BackgroundColor:    0 0 0
TextColor:          255 255 255
TimeCourseColor:    255 255 255
TimeCourseThick:    3
ReferenceFuncColor: 0 0 80
ReferenceFuncThick: 3

NrOfConditions: 4

Rest
29
   1   40
  61   68
  73   84
 105  112
 117  128
 149  156
 161  172
 193  200
 205  216
 237  244
 249  260
 281  300
 321  340
 361  368
 373  384
 405  412
 417  428
 449  456
 461  472
 493  500
 505  516
 537  556
 577  584
 589  600
 621  640
 661  668
 673  684
 705  712
 717  728
Color: 64 64 64

EmoRecall
12
  41   60
  85  104
 129  148
 173  192
 217  236
 341  360
 385  404
 429  448
 473  492
 557  576
 641  660
 685  704
Color: 83 200 83

Feedback
12
  69   72
 113  116
 157  160
 201  204
 245  248
 369  372
 413  416
 457  460
 501  504
 585  588
 669  672
 713  716
Color: 255 0 0

Control
4
 261  280
 301  320
 517  536
 601  620
Color: 143 143 143
