
FileVersion:        2

ResolutionOfTime:   Volumes

Experiment:         Neurofeedback

BackgroundColor:    0 0 0
TextColor:          255 255 255
TimeCourseColor:    255 255 255
TimeCourseThick:    3
ReferenceFuncColor: 0 0 80
ReferenceFuncThick: 3

NrOfConditions: 4

Rest
29
   1   40
  61   68
  73   84
 105  112
 117  128
 149  156
 161  172
 193  212
 233  252
 273  280
 285  296
 317  324
 329  340
 361  368
 373  384
 405  412
 417  428
 449  468
 489  496
 501  512
 533  540
 545  556
 577  584
 589  600
 621  628
 633  644
 665  672
 677  688
 709  728
Color: 64 64 64

EmoRecall
12
  41   60
  85  104
 129  148
 253  272
 297  316
 341  360
 385  404
 469  488
 513  532
 557  576
 601  620
 645  664
Color: 83 200 83

Feedback
12
  69   72
 113  116
 157  160
 281  284
 325  328
 369  372
 413  416
 497  500
 541  544
 585  588
 629  632
 673  676
Color: 255 0 0

Control
4
 173  192
 213  232
 429  448
 689  708
Color: 143 143 143
