Neuroscience of Happiness - Neurofeedback

SUBJECT INFO
-----------
Subject ID: sub-00
Session: 5
Localiser Run: 1
Group: stock

DESIGN INFO
-----------
Conditions:
	Rest
	EmoRecall
-----------

Rest
Current Volume: 1, Time [s] 0.000
Current Volume: 2, Time [s] 0.216
Current Volume: 3, Time [s] 0.430
Current Volume: 4, Time [s] 0.643
Current Volume: 5, Time [s] 0.867
Current Volume: 6, Time [s] 1.088
Current Volume: 7, Time [s] 1.298
Current Volume: 8, Time [s] 1.517
Current Volume: 9, Time [s] 1.737
Current Volume: 10, Time [s] 1.955
Current Volume: 11, Time [s] 2.173
Current Volume: 12, Time [s] 2.394
Current Volume: 13, Time [s] 2.614
Current Volume: 14, Time [s] 2.835
Current Volume: 15, Time [s] 3.047
Current Volume: 16, Time [s] 3.267
Current Volume: 17, Time [s] 3.484
Current Volume: 18, Time [s] 3.704
Current Volume: 19, Time [s] 3.918
Current Volume: 20, Time [s] 4.135

EmoRecall
Current Volume: 21, Time [s] 4.361
Current Volume: 22, Time [s] 4.574
Current Volume: 23, Time [s] 4.788
Current Volume: 24, Time [s] 5.006
Current Volume: 25, Time [s] 5.223
Current Volume: 26, Time [s] 5.438
Current Volume: 27, Time [s] 5.667
Current Volume: 28, Time [s] 5.879
Current Volume: 29, Time [s] 6.090
Current Volume: 30, Time [s] 6.309
Current Volume: 31, Time [s] 6.517
Current Volume: 32, Time [s] 6.741
Current Volume: 33, Time [s] 6.957
Current Volume: 34, Time [s] 7.173
Current Volume: 35, Time [s] 7.391
Current Volume: 36, Time [s] 7.614
Current Volume: 37, Time [s] 7.827
Current Volume: 38, Time [s] 8.047
Current Volume: 39, Time [s] 8.260
Current Volume: 40, Time [s] 8.482

Rest
Current Volume: 41, Time [s] 8.701
Current Volume: 42, Time [s] 8.913
Current Volume: 43, Time [s] 9.136
Current Volume: 44, Time [s] 9.355
Current Volume: 45, Time [s] 9.570
Current Volume: 46, Time [s] 9.790
Current Volume: 47, Time [s] 10.006
Current Volume: 48, Time [s] 10.226
Current Volume: 49, Time [s] 10.443
Current Volume: 50, Time [s] 10.660
Current Volume: 51, Time [s] 10.882
Current Volume: 52, Time [s] 11.102
Current Volume: 53, Time [s] 11.317
Current Volume: 54, Time [s] 11.528
Current Volume: 55, Time [s] 11.752
Current Volume: 56, Time [s] 11.971
Current Volume: 57, Time [s] 12.193
Current Volume: 58, Time [s] 12.408
Current Volume: 59, Time [s] 12.628
Current Volume: 60, Time [s] 12.841

EmoRecall
Current Volume: 61, Time [s] 13.058
Current Volume: 62, Time [s] 13.276
Current Volume: 63, Time [s] 13.490
Current Volume: 64, Time [s] 13.708
Current Volume: 65, Time [s] 13.925
Current Volume: 66, Time [s] 14.131
Current Volume: 67, Time [s] 14.348
Current Volume: 68, Time [s] 14.553
Current Volume: 69, Time [s] 14.766
Current Volume: 70, Time [s] 14.983
Current Volume: 71, Time [s] 15.200
Current Volume: 72, Time [s] 15.416
Current Volume: 73, Time [s] 15.632
Current Volume: 74, Time [s] 15.855
Current Volume: 75, Time [s] 16.073
Current Volume: 76, Time [s] 16.286
Current Volume: 77, Time [s] 16.511
Current Volume: 78, Time [s] 16.723
Current Volume: 79, Time [s] 16.937
Current Volume: 80, Time [s] 17.142

Rest
Current Volume: 81, Time [s] 17.369
Current Volume: 82, Time [s] 17.579
Current Volume: 83, Time [s] 17.795
Current Volume: 84, Time [s] 18.017
Current Volume: 85, Time [s] 18.235
Current Volume: 86, Time [s] 18.450
Current Volume: 87, Time [s] 18.661
Current Volume: 88, Time [s] 18.890
Current Volume: 89, Time [s] 19.100
Current Volume: 90, Time [s] 19.316
Current Volume: 91, Time [s] 19.537
Current Volume: 92, Time [s] 19.758
Current Volume: 93, Time [s] 19.967
Current Volume: 94, Time [s] 20.186
Current Volume: 95, Time [s] 20.411
Current Volume: 96, Time [s] 20.627
Current Volume: 97, Time [s] 20.848
Current Volume: 98, Time [s] 21.065
Current Volume: 99, Time [s] 21.278
Current Volume: 100, Time [s] 21.503

EmoRecall
Current Volume: 101, Time [s] 21.721
Current Volume: 102, Time [s] 21.933
Current Volume: 103, Time [s] 22.148
Current Volume: 104, Time [s] 22.370
Current Volume: 105, Time [s] 22.589
Current Volume: 106, Time [s] 22.799
Current Volume: 107, Time [s] 23.017
Current Volume: 108, Time [s] 23.242
Current Volume: 109, Time [s] 23.453
Current Volume: 110, Time [s] 23.659
Current Volume: 111, Time [s] 23.883
Current Volume: 112, Time [s] 24.097
Current Volume: 113, Time [s] 24.314
Current Volume: 114, Time [s] 24.536
Current Volume: 115, Time [s] 24.745
Current Volume: 116, Time [s] 24.946
Current Volume: 117, Time [s] 25.160
Current Volume: 118, Time [s] 25.374
Current Volume: 119, Time [s] 25.590
Current Volume: 120, Time [s] 25.803

Rest
Current Volume: 121, Time [s] 26.027
Current Volume: 122, Time [s] 26.247
Current Volume: 123, Time [s] 26.455
Current Volume: 124, Time [s] 26.679
Current Volume: 125, Time [s] 26.892
Current Volume: 126, Time [s] 27.102
Current Volume: 127, Time [s] 27.323
Current Volume: 128, Time [s] 27.537
Current Volume: 129, Time [s] 27.753
Current Volume: 130, Time [s] 27.973
Current Volume: 131, Time [s] 28.181
Current Volume: 132, Time [s] 28.406
Current Volume: 133, Time [s] 28.616
Current Volume: 134, Time [s] 28.835
Current Volume: 135, Time [s] 29.050
Current Volume: 136, Time [s] 29.260
Current Volume: 137, Time [s] 29.476
Current Volume: 138, Time [s] 29.698
Current Volume: 139, Time [s] 29.918
Current Volume: 140, Time [s] 30.128

EmoRecall
Current Volume: 141, Time [s] 30.351
Current Volume: 142, Time [s] 30.562
Current Volume: 143, Time [s] 30.788
Current Volume: 144, Time [s] 31.000
Current Volume: 145, Time [s] 31.209
Current Volume: 146, Time [s] 31.432
Current Volume: 147, Time [s] 31.649
Current Volume: 148, Time [s] 31.860
Current Volume: 149, Time [s] 32.083
Current Volume: 150, Time [s] 32.299
Current Volume: 151, Time [s] 32.508
Current Volume: 152, Time [s] 32.733
Current Volume: 153, Time [s] 32.941
Current Volume: 154, Time [s] 33.149
Current Volume: 155, Time [s] 33.368
Current Volume: 156, Time [s] 33.582
Current Volume: 157, Time [s] 33.800
Current Volume: 158, Time [s] 34.017
Current Volume: 159, Time [s] 34.233
Current Volume: 160, Time [s] 34.457

Rest
Current Volume: 161, Time [s] 34.670
Current Volume: 162, Time [s] 34.886
Current Volume: 163, Time [s] 35.108
Current Volume: 164, Time [s] 35.325
Current Volume: 165, Time [s] 35.545
Current Volume: 166, Time [s] 35.765
Current Volume: 167, Time [s] 35.971
Current Volume: 168, Time [s] 36.186
Current Volume: 169, Time [s] 36.394
Current Volume: 170, Time [s] 36.608
Current Volume: 171, Time [s] 36.821
Current Volume: 172, Time [s] 37.031
Current Volume: 173, Time [s] 37.248
Current Volume: 174, Time [s] 37.461
Current Volume: 175, Time [s] 37.682
Current Volume: 176, Time [s] 37.902
Current Volume: 177, Time [s] 38.111
Current Volume: 178, Time [s] 38.336
Current Volume: 179, Time [s] 38.546
Current Volume: 180, Time [s] 38.777

EmoRecall
Current Volume: 181, Time [s] 38.985
Current Volume: 182, Time [s] 39.207
Current Volume: 183, Time [s] 39.418
Current Volume: 184, Time [s] 39.638
Current Volume: 185, Time [s] 39.858
Current Volume: 186, Time [s] 40.071
Current Volume: 187, Time [s] 40.295
Current Volume: 188, Time [s] 40.504
Current Volume: 189, Time [s] 40.722
Current Volume: 190, Time [s] 40.940
Current Volume: 191, Time [s] 41.140
Current Volume: 192, Time [s] 41.361
Current Volume: 193, Time [s] 41.583
Current Volume: 194, Time [s] 41.791
Current Volume: 195, Time [s] 42.001
Current Volume: 196, Time [s] 42.214
Current Volume: 197, Time [s] 42.440
Current Volume: 198, Time [s] 42.659
Current Volume: 199, Time [s] 42.875
Current Volume: 200, Time [s] 43.092

Rest
Current Volume: 201, Time [s] 43.305
Current Volume: 202, Time [s] 43.517
Current Volume: 203, Time [s] 43.732
Current Volume: 204, Time [s] 43.946
Current Volume: 205, Time [s] 44.161
Current Volume: 206, Time [s] 44.384
Current Volume: 207, Time [s] 44.602
Current Volume: 208, Time [s] 44.817
Current Volume: 209, Time [s] 45.028
Current Volume: 210, Time [s] 45.236
Current Volume: 211, Time [s] 45.448
Current Volume: 212, Time [s] 45.651
Current Volume: 213, Time [s] 45.880
Current Volume: 214, Time [s] 46.095
Current Volume: 215, Time [s] 46.310
Current Volume: 216, Time [s] 46.529
Current Volume: 217, Time [s] 46.740
Current Volume: 218, Time [s] 46.942
Current Volume: 219, Time [s] 47.167
Current Volume: 220, Time [s] 47.375

EmoRecall
Current Volume: 221, Time [s] 47.598
Current Volume: 222, Time [s] 47.810
Current Volume: 223, Time [s] 48.034
Current Volume: 224, Time [s] 48.253
Current Volume: 225, Time [s] 48.472
Current Volume: 226, Time [s] 48.693
Current Volume: 227, Time [s] 48.904
Current Volume: 228, Time [s] 49.116
Current Volume: 229, Time [s] 49.336
Current Volume: 230, Time [s] 49.551
Current Volume: 231, Time [s] 49.772
Current Volume: 232, Time [s] 49.984
Current Volume: 233, Time [s] 50.198
Current Volume: 234, Time [s] 50.410
Current Volume: 235, Time [s] 50.623
Current Volume: 236, Time [s] 50.846
Current Volume: 237, Time [s] 51.052
Current Volume: 238, Time [s] 51.272
Current Volume: 239, Time [s] 51.496
Current Volume: 240, Time [s] 51.716

Rest
Current Volume: 241, Time [s] 51.932
Current Volume: 242, Time [s] 52.142
Current Volume: 243, Time [s] 52.363
Current Volume: 244, Time [s] 52.574
Current Volume: 245, Time [s] 52.799
Current Volume: 246, Time [s] 53.011
Current Volume: 247, Time [s] 53.223
Current Volume: 248, Time [s] 53.441
Current Volume: 249, Time [s] 53.656
Current Volume: 250, Time [s] 53.880
Current Volume: 251, Time [s] 54.098
Current Volume: 252, Time [s] 54.316
Current Volume: 253, Time [s] 54.532
Current Volume: 254, Time [s] 54.747
Current Volume: 255, Time [s] 54.962
Current Volume: 256, Time [s] 55.170
Current Volume: 257, Time [s] 55.392
Current Volume: 258, Time [s] 55.611
Current Volume: 259, Time [s] 55.827
Current Volume: 260, Time [s] 56.043

EmoRecall
Current Volume: 261, Time [s] 56.261
Current Volume: 262, Time [s] 56.483
Current Volume: 263, Time [s] 56.701
Current Volume: 264, Time [s] 56.909
Current Volume: 265, Time [s] 57.136
Current Volume: 266, Time [s] 57.347
Current Volume: 267, Time [s] 57.566
Current Volume: 268, Time [s] 57.782
Current Volume: 269, Time [s] 57.998
Current Volume: 270, Time [s] 58.202
Current Volume: 271, Time [s] 58.407
Current Volume: 272, Time [s] 58.635
Current Volume: 273, Time [s] 58.849
Current Volume: 274, Time [s] 59.064
Current Volume: 275, Time [s] 59.268
Current Volume: 276, Time [s] 59.470
Current Volume: 277, Time [s] 59.694
Current Volume: 278, Time [s] 59.912
Current Volume: 279, Time [s] 60.128
Current Volume: 280, Time [s] 60.340

Rest
Current Volume: 281, Time [s] 60.545
Current Volume: 282, Time [s] 60.762
Current Volume: 283, Time [s] 60.980
Current Volume: 284, Time [s] 61.197
Current Volume: 285, Time [s] 61.421
Current Volume: 286, Time [s] 61.635
Current Volume: 287, Time [s] 61.850
Current Volume: 288, Time [s] 62.065
Current Volume: 289, Time [s] 62.286
Current Volume: 290, Time [s] 62.507
Current Volume: 291, Time [s] 62.730
Current Volume: 292, Time [s] 62.935
Current Volume: 293, Time [s] 63.150
Current Volume: 294, Time [s] 63.365
Current Volume: 295, Time [s] 63.579
Current Volume: 296, Time [s] 63.802
Current Volume: 297, Time [s] 64.017
Current Volume: 298, Time [s] 64.232
Current Volume: 299, Time [s] 64.446
Current Volume: 300, Time [s] 64.660

EmoRecall
Current Volume: 301, Time [s] 64.878
Current Volume: 302, Time [s] 65.095
Current Volume: 303, Time [s] 65.298
Current Volume: 304, Time [s] 65.524
Current Volume: 305, Time [s] 65.735
Current Volume: 306, Time [s] 65.948
Current Volume: 307, Time [s] 66.169
Current Volume: 308, Time [s] 66.372
Current Volume: 309, Time [s] 66.585
Current Volume: 310, Time [s] 66.807
Current Volume: 311, Time [s] 67.026
Current Volume: 312, Time [s] 67.233
Current Volume: 313, Time [s] 67.452
Current Volume: 314, Time [s] 67.675
Current Volume: 315, Time [s] 67.881
Current Volume: 316, Time [s] 68.105
Current Volume: 317, Time [s] 68.325
Current Volume: 318, Time [s] 68.542
Current Volume: 319, Time [s] 68.759
Current Volume: 320, Time [s] 68.975

Rest
Current Volume: 321, Time [s] 69.191
Current Volume: 322, Time [s] 69.411
Current Volume: 323, Time [s] 69.625
Current Volume: 324, Time [s] 69.844
Current Volume: 325, Time [s] 70.062
Current Volume: 326, Time [s] 70.280
Current Volume: 327, Time [s] 70.492
Current Volume: 328, Time [s] 70.714
Current Volume: 329, Time [s] 70.925
Current Volume: 330, Time [s] 71.137
Current Volume: 331, Time [s] 71.351
Current Volume: 332, Time [s] 71.570
Current Volume: 333, Time [s] 71.789
Current Volume: 334, Time [s] 72.011
Current Volume: 335, Time [s] 72.232
Current Volume: 336, Time [s] 72.443
Current Volume: 337, Time [s] 72.662
Current Volume: 338, Time [s] 72.880
Current Volume: 339, Time [s] 73.097
Current Volume: 340, Time [s] 73.315

EmoRecall
Current Volume: 341, Time [s] 73.533
Current Volume: 342, Time [s] 73.747
Current Volume: 343, Time [s] 73.970
Current Volume: 344, Time [s] 74.188
Current Volume: 345, Time [s] 74.403
Current Volume: 346, Time [s] 74.625
Current Volume: 347, Time [s] 74.832
Current Volume: 348, Time [s] 75.052
Current Volume: 349, Time [s] 75.274
Current Volume: 350, Time [s] 75.488
Current Volume: 351, Time [s] 75.710
Current Volume: 352, Time [s] 75.931
Current Volume: 353, Time [s] 76.142
Current Volume: 354, Time [s] 76.364
Current Volume: 355, Time [s] 76.582
Current Volume: 356, Time [s] 76.798
Current Volume: 357, Time [s] 77.013
Current Volume: 358, Time [s] 77.231
Current Volume: 359, Time [s] 77.439
Current Volume: 360, Time [s] 77.662

Rest
Current Volume: 361, Time [s] 77.879
Current Volume: 362, Time [s] 78.097
Current Volume: 363, Time [s] 78.315
Current Volume: 364, Time [s] 78.532
Current Volume: 365, Time [s] 78.750
Current Volume: 366, Time [s] 78.959
Current Volume: 367, Time [s] 79.171
Current Volume: 368, Time [s] 79.384
Current Volume: 369, Time [s] 79.596
Current Volume: 370, Time [s] 79.798
Current Volume: 371, Time [s] 80.000
Current Volume: 372, Time [s] 80.219
Current Volume: 373, Time [s] 80.439
Current Volume: 374, Time [s] 80.661
Current Volume: 375, Time [s] 80.880
Current Volume: 376, Time [s] 81.094
Current Volume: 377, Time [s] 81.301
Current Volume: 378, Time [s] 81.521
Current Volume: 379, Time [s] 81.742
Current Volume: 380, Time [s] 81.957

EmoRecall
Current Volume: 381, Time [s] 82.175
Current Volume: 382, Time [s] 82.391
Current Volume: 383, Time [s] 82.610
Current Volume: 384, Time [s] 82.829
Current Volume: 385, Time [s] 83.048
Current Volume: 386, Time [s] 83.266
Current Volume: 387, Time [s] 83.485
Current Volume: 388, Time [s] 83.703
Current Volume: 389, Time [s] 83.911
Current Volume: 390, Time [s] 84.137
Current Volume: 391, Time [s] 84.347
Current Volume: 392, Time [s] 84.571
Current Volume: 393, Time [s] 84.788
Current Volume: 394, Time [s] 85.002
Current Volume: 395, Time [s] 85.212
Current Volume: 396, Time [s] 85.429
Current Volume: 397, Time [s] 85.644
Current Volume: 398, Time [s] 85.859
Current Volume: 399, Time [s] 86.081
Current Volume: 400, Time [s] 86.295

Rest
Current Volume: 401, Time [s] 86.517
Current Volume: 402, Time [s] 86.737
Current Volume: 403, Time [s] 86.949
Current Volume: 404, Time [s] 87.162
Current Volume: 405, Time [s] 87.371
Current Volume: 406, Time [s] 87.581
Current Volume: 407, Time [s] 87.802
Current Volume: 408, Time [s] 88.015
Current Volume: 409, Time [s] 88.225
Current Volume: 410, Time [s] 88.441
Current Volume: 411, Time [s] 88.661
Current Volume: 412, Time [s] 88.889
Current Volume: 413, Time [s] 89.091
Current Volume: 414, Time [s] 89.317
Current Volume: 415, Time [s] 89.531
Current Volume: 416, Time [s] 89.745
Current Volume: 417, Time [s] 89.961
Current Volume: 418, Time [s] 90.179
Current Volume: 419, Time [s] 90.390
Current Volume: 420, Time [s] 90.601

EmoRecall
Current Volume: 421, Time [s] 90.816
Current Volume: 422, Time [s] 91.023
Current Volume: 423, Time [s] 91.242
Current Volume: 424, Time [s] 91.440
Current Volume: 425, Time [s] 91.649
Current Volume: 426, Time [s] 91.864
Current Volume: 427, Time [s] 92.084
Current Volume: 428, Time [s] 92.305
Current Volume: 429, Time [s] 92.521
Current Volume: 430, Time [s] 92.735
Current Volume: 431, Time [s] 92.939
Current Volume: 432, Time [s] 93.140
Current Volume: 433, Time [s] 93.350
Current Volume: 434, Time [s] 93.560
Current Volume: 435, Time [s] 93.783
Current Volume: 436, Time [s] 94.006
Current Volume: 437, Time [s] 94.221
Current Volume: 438, Time [s] 94.439
Current Volume: 439, Time [s] 94.656
Current Volume: 440, Time [s] 94.872

Rest
Current Volume: 441, Time [s] 95.088
Current Volume: 442, Time [s] 95.300
Current Volume: 443, Time [s] 95.516
Current Volume: 444, Time [s] 95.735
Current Volume: 445, Time [s] 95.949
Current Volume: 446, Time [s] 96.166
Current Volume: 447, Time [s] 96.386
Current Volume: 448, Time [s] 96.601
Current Volume: 449, Time [s] 96.822
Current Volume: 450, Time [s] 97.043
Current Volume: 451, Time [s] 97.252
Current Volume: 452, Time [s] 97.469
Current Volume: 453, Time [s] 97.689
Current Volume: 454, Time [s] 97.903
Current Volume: 455, Time [s] 98.126
Current Volume: 456, Time [s] 98.345
Current Volume: 457, Time [s] 98.566
Current Volume: 458, Time [s] 98.781
Current Volume: 459, Time [s] 98.997
Current Volume: 460, Time [s] 99.222

EmoRecall
Current Volume: 461, Time [s] 99.439
Current Volume: 462, Time [s] 99.649
Current Volume: 463, Time [s] 99.866
Current Volume: 464, Time [s] 100.084
Current Volume: 465, Time [s] 100.303
Current Volume: 466, Time [s] 100.527
Current Volume: 467, Time [s] 100.742
Current Volume: 468, Time [s] 100.952
Current Volume: 469, Time [s] 101.160
Current Volume: 470, Time [s] 101.374
Current Volume: 471, Time [s] 101.595
Current Volume: 472, Time [s] 101.815
Current Volume: 473, Time [s] 102.027
Current Volume: 474, Time [s] 102.242
Current Volume: 475, Time [s] 102.465
Current Volume: 476, Time [s] 102.676
Current Volume: 477, Time [s] 102.891
Current Volume: 478, Time [s] 103.103
Current Volume: 479, Time [s] 103.321
Current Volume: 480, Time [s] 103.538

Rest
Current Volume: 481, Time [s] 103.753
Current Volume: 482, Time [s] 103.971
Current Volume: 483, Time [s] 104.193
Current Volume: 484, Time [s] 104.410
Current Volume: 485, Time [s] 104.631
Current Volume: 486, Time [s] 104.844
Current Volume: 487, Time [s] 105.045
Current Volume: 488, Time [s] 105.257
Current Volume: 489, Time [s] 105.473
Current Volume: 490, Time [s] 105.687
Current Volume: 491, Time [s] 105.907
Current Volume: 492, Time [s] 106.121
Current Volume: 493, Time [s] 106.331
Current Volume: 494, Time [s] 106.550
Current Volume: 495, Time [s] 106.761
Current Volume: 496, Time [s] 106.963
Current Volume: 497, Time [s] 107.184
Current Volume: 498, Time [s] 107.404
Current Volume: 499, Time [s] 107.625
Current Volume: 500, Time [s] 107.842

EmoRecall
Current Volume: 501, Time [s] 108.048
Current Volume: 502, Time [s] 108.269
Current Volume: 503, Time [s] 108.489
Current Volume: 504, Time [s] 108.708
Current Volume: 505, Time [s] 108.916
Current Volume: 506, Time [s] 109.131
Current Volume: 507, Time [s] 109.337
Current Volume: 508, Time [s] 109.558
Current Volume: 509, Time [s] 109.772
Current Volume: 510, Time [s] 109.987
Current Volume: 511, Time [s] 110.214
Current Volume: 512, Time [s] 110.432
Current Volume: 513, Time [s] 110.647
Current Volume: 514, Time [s] 110.862
Current Volume: 515, Time [s] 111.076
Current Volume: 516, Time [s] 111.296
Current Volume: 517, Time [s] 111.508
Current Volume: 518, Time [s] 111.730
Current Volume: 519, Time [s] 111.951
Current Volume: 520, Time [s] 112.160

Rest
Current Volume: 521, Time [s] 112.387
Current Volume: 522, Time [s] 112.604
Current Volume: 523, Time [s] 112.823
Current Volume: 524, Time [s] 113.037
Current Volume: 525, Time [s] 113.257
Current Volume: 526, Time [s] 113.474
Current Volume: 527, Time [s] 113.691
Current Volume: 528, Time [s] 113.912
Current Volume: 529, Time [s] 114.131
Current Volume: 530, Time [s] 114.337
Current Volume: 531, Time [s] 114.545
Current Volume: 532, Time [s] 114.767
Current Volume: 533, Time [s] 114.978
Current Volume: 534, Time [s] 115.198
Current Volume: 535, Time [s] 115.416
Current Volume: 536, Time [s] 115.630
Current Volume: 537, Time [s] 115.851
Current Volume: 538, Time [s] 116.073
Current Volume: 539, Time [s] 116.289
Current Volume: 540, Time [s] 116.504

EmoRecall
Current Volume: 541, Time [s] 116.723
Current Volume: 542, Time [s] 116.936
Current Volume: 543, Time [s] 117.149
Current Volume: 544, Time [s] 117.362
Current Volume: 545, Time [s] 117.574
Current Volume: 546, Time [s] 117.776
Current Volume: 547, Time [s] 117.999
Current Volume: 548, Time [s] 118.220
Current Volume: 549, Time [s] 118.435
Current Volume: 550, Time [s] 118.655
Current Volume: 551, Time [s] 118.866
Current Volume: 552, Time [s] 119.090
Current Volume: 553, Time [s] 119.309
Current Volume: 554, Time [s] 119.527
Current Volume: 555, Time [s] 119.743
Current Volume: 556, Time [s] 119.956
Current Volume: 557, Time [s] 120.160
Current Volume: 558, Time [s] 120.367
Current Volume: 559, Time [s] 120.578
Current Volume: 560, Time [s] 120.797

Rest
Current Volume: 561, Time [s] 121.004
Current Volume: 562, Time [s] 121.219
Current Volume: 563, Time [s] 121.431
Current Volume: 564, Time [s] 121.642
Current Volume: 565, Time [s] 121.868
Current Volume: 566, Time [s] 122.082
Current Volume: 567, Time [s] 122.298
Current Volume: 568, Time [s] 122.516
Current Volume: 569, Time [s] 122.734
Current Volume: 570, Time [s] 122.948
Current Volume: 571, Time [s] 123.159
Current Volume: 572, Time [s] 123.373
Current Volume: 573, Time [s] 123.591
Current Volume: 574, Time [s] 123.796
Current Volume: 575, Time [s] 124.013
Current Volume: 576, Time [s] 124.236
Current Volume: 577, Time [s] 124.453
Current Volume: 578, Time [s] 124.671
Current Volume: 579, Time [s] 124.887
Current Volume: 580, Time [s] 125.105

EmoRecall
Current Volume: 581, Time [s] 125.325
Current Volume: 582, Time [s] 125.543
Current Volume: 583, Time [s] 125.762
Current Volume: 584, Time [s] 125.970
Current Volume: 585, Time [s] 126.193
Current Volume: 586, Time [s] 126.410
Current Volume: 587, Time [s] 126.631
Current Volume: 588, Time [s] 126.846
Current Volume: 589, Time [s] 127.059
Current Volume: 590, Time [s] 127.279
Current Volume: 591, Time [s] 127.500
Current Volume: 592, Time [s] 127.715
Current Volume: 593, Time [s] 127.937
Current Volume: 594, Time [s] 128.154
Current Volume: 595, Time [s] 128.365
Current Volume: 596, Time [s] 128.587
Current Volume: 597, Time [s] 128.802
Current Volume: 598, Time [s] 129.025
Current Volume: 599, Time [s] 129.248
Current Volume: 600, Time [s] 129.464

Rest
Current Volume: 601, Time [s] 129.679
Current Volume: 602, Time [s] 129.895
Current Volume: 603, Time [s] 130.110
Current Volume: 604, Time [s] 130.332
Current Volume: 605, Time [s] 130.553
Current Volume: 606, Time [s] 130.766
Current Volume: 607, Time [s] 130.981
Current Volume: 608, Time [s] 131.206
Current Volume: 609, Time [s] 131.423
Current Volume: 610, Time [s] 131.644
Current Volume: 611, Time [s] 131.858
Current Volume: 612, Time [s] 132.078
Current Volume: 613, Time [s] 132.298
Current Volume: 614, Time [s] 132.514
Current Volume: 615, Time [s] 132.730
Current Volume: 616, Time [s] 132.943
Current Volume: 617, Time [s] 133.146
Current Volume: 618, Time [s] 133.370
Current Volume: 619, Time [s] 133.584
Current Volume: 620, Time [s] 133.803

EmoRecall
Current Volume: 621, Time [s] 134.026
Current Volume: 622, Time [s] 134.244
Current Volume: 623, Time [s] 134.451
Current Volume: 624, Time [s] 134.671
Current Volume: 625, Time [s] 134.886
Current Volume: 626, Time [s] 135.109
Current Volume: 627, Time [s] 135.329
Current Volume: 628, Time [s] 135.546
Current Volume: 629, Time [s] 135.760
Current Volume: 630, Time [s] 135.976
Current Volume: 631, Time [s] 136.196
Current Volume: 632, Time [s] 136.414
Current Volume: 633, Time [s] 136.633
Current Volume: 634, Time [s] 136.854
Current Volume: 635, Time [s] 137.073
Current Volume: 636, Time [s] 137.288
Current Volume: 637, Time [s] 137.510
Current Volume: 638, Time [s] 137.727
Current Volume: 639, Time [s] 137.947
Current Volume: 640, Time [s] 138.162

Rest
Current Volume: 641, Time [s] 138.377
Current Volume: 642, Time [s] 138.595
Current Volume: 643, Time [s] 138.810
Current Volume: 644, Time [s] 139.018
Current Volume: 645, Time [s] 139.238
Current Volume: 646, Time [s] 139.452
Current Volume: 647, Time [s] 139.672
Current Volume: 648, Time [s] 139.890
Current Volume: 649, Time [s] 140.101
Current Volume: 650, Time [s] 140.319
Current Volume: 651, Time [s] 140.519
Current Volume: 652, Time [s] 140.722
Current Volume: 653, Time [s] 140.939
Current Volume: 654, Time [s] 141.149
Current Volume: 655, Time [s] 141.373
Current Volume: 656, Time [s] 141.582
Current Volume: 657, Time [s] 141.803
Current Volume: 658, Time [s] 142.022
Current Volume: 659, Time [s] 142.243
Current Volume: 660, Time [s] 142.456

2024/12/16   11:53
