
FileVersion:        2

ResolutionOfTime:   Volumes

Experiment:         Localiser

BackgroundColor:    0 0 0
TextColor:          255 255 255
TimeCourseColor:    255 255 255
TimeCourseThick:    3
ReferenceFuncColor: 0 0 80
ReferenceFuncThick: 3

NrOfConditions: 3

Rest
17
   1   20
  41   60
  81  100
 121  140
 161  180
 201  220
 241  260
 281  300
 321  340
 361  380
 401  420
 441  460
 481  500
 521  540
 561  580
 601  620
 641  660
Color: 64 64 64

EmoRecall-Positive
8
  21   40
 101  120
 181  200
 221  240
 341  360
 381  400
 501  520
 541  560
Color: 83 200 83

EmoRecall-Neutral
8
  61   80
 141  160
 261  280
 301  320
 421  440
 461  480
 581  600
 621  640
Color: 150 150 150
