
FileVersion:        2

ResolutionOfTime:   Volumes

Experiment:         Neurofeedback

BackgroundColor:    0 0 0
TextColor:          255 255 255
TimeCourseColor:    255 255 255
TimeCourseThick:    3
ReferenceFuncColor: 0 0 80
ReferenceFuncThick: 3

NrOfConditions: 4

Rest
29
   1   40
  61   68
  73   84
 105  112
 117  128
 149  168
 189  196
 201  212
 233  240
 245  256
 277  284
 289  300
 321  328
 333  344
 365  384
 405  424
 445  452
 457  468
 489  496
 501  512
 533  540
 545  556
 577  596
 617  624
 629  640
 661  668
 673  684
 705  712
 717  728
Color: 64 64 64

EmoRecall
12
  41   60
  85  104
 169  188
 213  232
 257  276
 301  320
 425  444
 469  488
 513  532
 597  616
 641  660
 685  704
Color: 83 200 83

Feedback
12
  69   72
 113  116
 197  200
 241  244
 285  288
 329  332
 453  456
 497  500
 541  544
 625  628
 669  672
 713  716
Color: 255 0 0

Control
4
 129  148
 345  364
 385  404
 557  576
Color: 143 143 143
