
FileVersion:        2

ResolutionOfTime:   Volumes

Experiment:         Neurofeedback

BackgroundColor:    0 0 0
TextColor:          255 255 255
TimeCourseColor:    255 255 255
TimeCourseThick:    3
ReferenceFuncColor: 0 0 80
ReferenceFuncThick: 3

NrOfConditions: 4

Rest
29
   1   40
  61   68
  73   84
 105  112
 117  128
 149  168
 189  196
 201  212
 233  240
 245  256
 277  284
 289  300
 321  340
 361  368
 373  384
 405  412
 417  428
 449  456
 461  472
 493  500
 505  516
 537  544
 549  560
 581  600
 621  628
 633  644
 665  684
 705  712
 717  728
Color: 64 64 64

EmoRecall
12
  41   60
  85  104
 169  188
 213  232
 257  276
 341  360
 385  404
 429  448
 473  492
 517  536
 601  620
 685  704
Color: 83 200 83

Feedback
12
  69   72
 113  116
 197  200
 241  244
 285  288
 369  372
 413  416
 457  460
 501  504
 545  548
 629  632
 713  716
Color: 255 0 0

Control
4
 129  148
 301  320
 561  580
 645  664
Color: 143 143 143
